#
# There is insufficient memory for the Java Runtime Environment to continue.
# Native memory allocation (mmap) failed to map 264241152 bytes for G1 virtual space
# Possible reasons:
#   The system is out of physical RAM or swap space
#   The process is running with CompressedOops enabled, and the Java Heap may be blocking the growth of the native heap
# Possible solutions:
#   Reduce memory load on the system
#   Increase physical memory or swap space
#   Check if swap backing store is full
#   Decrease Java heap size (-Xmx/-Xms)
#   Decrease number of Java threads
#   Decrease Java thread stack sizes (-Xss)
#   Set larger code cache with -XX:ReservedCodeCacheSize=
#   JVM is running with Zero Based Compressed Oops mode in which the Java heap is
#     placed in the first 32GB address space. The Java Heap base address is the
#     maximum limit for the native heap growth. Please use -XX:HeapBaseMinAddress
#     to set the Java Heap base and to place the Java Heap above 32GB virtual address.
# This output file may be truncated or incomplete.
#
#  Out of Memory Error (os_windows.cpp:3550), pid=20608, tid=33272
#
# JRE version:  (17.0.8+9) (build )
# Java VM: Java HotSpot(TM) 64-Bit Server VM (17.0.8+9-LTS-211, mixed mode, sharing, tiered, compressed oops, compressed class ptrs, g1 gc, windows-amd64)
# No core dump will be written. Minidumps are not enabled by default on client versions of Windows
#

---------------  S U M M A R Y ------------

Command Line: -Dnet.bytebuddy.agent.attacher.dump= net.bytebuddy.agent.Attacher com.sun.tools.attach.VirtualMachine 32836 C:\Users\geoca\.m2\repository\net\bytebuddy\byte-buddy-agent\1.14.12\byte-buddy-agent-1.14.12.jar false 

Host: 12th Gen Intel(R) Core(TM) i7-12700H, 20 cores, 15G,  Windows 11 , 64 bit Build 22621 (10.0.22621.3527)
Time: Tue Jun  4 17:28:50 2024  Windows 11 , 64 bit Build 22621 (10.0.22621.3527) elapsed time: 0.007331 seconds (0d 0h 0m 0s)

---------------  T H R E A D  ---------------

Current thread (0x00000199bb174750):  JavaThread "Unknown thread" [_thread_in_vm, id=33272, stack(0x0000005453f00000,0x0000005454000000)]

Stack: [0x0000005453f00000,0x0000005454000000]
Native frames: (J=compiled Java code, j=interpreted, Vv=VM code, C=native code)
V  [jvm.dll+0x677d0a]
V  [jvm.dll+0x7d8c54]
V  [jvm.dll+0x7da3fe]
V  [jvm.dll+0x7daa63]
V  [jvm.dll+0x245c5f]
V  [jvm.dll+0x674bb9]
V  [jvm.dll+0x6694f2]
V  [jvm.dll+0x3031d6]
V  [jvm.dll+0x30a756]
V  [jvm.dll+0x359f9e]
V  [jvm.dll+0x35a1cf]
V  [jvm.dll+0x2da3e8]
V  [jvm.dll+0x2db354]
V  [jvm.dll+0x7aa711]
V  [jvm.dll+0x367b51]
V  [jvm.dll+0x789979]
V  [jvm.dll+0x3eb05f]
V  [jvm.dll+0x3ecae1]
C  [jli.dll+0x5297]
C  [ucrtbase.dll+0x29333]
C  [KERNEL32.DLL+0x1257d]
C  [ntdll.dll+0x5aa48]


---------------  P R O C E S S  ---------------

Threads class SMR info:
_java_thread_list=0x00007fff7fc759d8, length=0, elements={
}

Java Threads: ( => current thread )

Other Threads:
  0x00000199bb1e0030 GCTaskThread "GC Thread#0" [stack: 0x0000005454000000,0x0000005454100000] [id=28820]
  0x00000199bb1f0a40 ConcurrentGCThread "G1 Main Marker" [stack: 0x0000005454100000,0x0000005454200000] [id=18396]
  0x00000199bb1f2c00 ConcurrentGCThread "G1 Conc#0" [stack: 0x0000005454200000,0x0000005454300000] [id=32844]

[error occurred during error reporting (printing all threads), id 0xc0000005, EXCEPTION_ACCESS_VIOLATION (0xc0000005) at pc=0x00007fff7f4ab047]

VM state: not at safepoint (not fully initialized)

VM Mutex/Monitor currently owned by a thread:  ([mutex/lock_event])
[0x00000199bb170e50] Heap_lock - owner thread: 0x00000199bb174750

Heap address: 0x0000000705200000, size: 4014 MB, Compressed Oops mode: Zero based, Oop shift amount: 3

CDS archive(s) mapped at: [0x0000000000000000-0x0000000000000000-0x0000000000000000), size 0, SharedBaseAddress: 0x0000000800000000, ArchiveRelocationMode: 1.
Narrow klass base: 0x0000000000000000, Narrow klass shift: 0, Narrow klass range: 0x0

GC Precious Log:
<Empty>

Heap:
 garbage-first heap   total 0K, used 0K [0x0000000705200000, 0x0000000800000000)
  region size 2048K, 0 young (0K), 0 survivors (0K)

[error occurred during error reporting (printing heap information), id 0xc0000005, EXCEPTION_ACCESS_VIOLATION (0xc0000005) at pc=0x00007fff7f891499]

GC Heap History (0 events):
No events

Deoptimization events (0 events):
No events

Classes unloaded (0 events):
No events

Classes redefined (0 events):
No events

Internal exceptions (0 events):
No events

VM Operations (0 events):
No events

Events (1 events):
Event: 0.005 Loaded shared library E:\JDK17\jdk-17.0.8\bin\java.dll


Dynamic libraries:
0x00007ff7e31e0000 - 0x00007ff7e31f0000 	E:\JDK17\jdk-17.0.8\bin\java.exe
0x00007ff8230d0000 - 0x00007ff8232e7000 	C:\WINDOWS\SYSTEM32\ntdll.dll
0x00007ff821670000 - 0x00007ff821734000 	C:\WINDOWS\System32\KERNEL32.DLL
0x00007ff820930000 - 0x00007ff820cd7000 	C:\WINDOWS\System32\KERNELBASE.dll
0x00007ff8206a0000 - 0x00007ff8207b1000 	C:\WINDOWS\System32\ucrtbase.dll
0x00007ffff5b40000 - 0x00007ffff5b59000 	E:\JDK17\jdk-17.0.8\bin\jli.dll
0x00007fffefe20000 - 0x00007fffefe3b000 	E:\JDK17\jdk-17.0.8\bin\VCRUNTIME140.dll
0x00007ff8215b0000 - 0x00007ff821662000 	C:\WINDOWS\System32\ADVAPI32.dll
0x00007ff821740000 - 0x00007ff8217e7000 	C:\WINDOWS\System32\msvcrt.dll
0x00007ff8210c0000 - 0x00007ff821168000 	C:\WINDOWS\System32\sechost.dll
0x00007ff820ce0000 - 0x00007ff820d08000 	C:\WINDOWS\System32\bcrypt.dll
0x00007ff821220000 - 0x00007ff821335000 	C:\WINDOWS\System32\RPCRT4.dll
0x00007ff822090000 - 0x00007ff82223e000 	C:\WINDOWS\System32\USER32.dll
0x00007ff8204b0000 - 0x00007ff8204d6000 	C:\WINDOWS\System32\win32u.dll
0x00007ff805080000 - 0x00007ff805313000 	C:\WINDOWS\WinSxS\amd64_microsoft.windows.common-controls_6595b64144ccf1df_6.0.22621.3527_none_270e469b73872a76\COMCTL32.dll
0x00007ff821340000 - 0x00007ff821369000 	C:\WINDOWS\System32\GDI32.dll
0x00007ff820580000 - 0x00007ff820699000 	C:\WINDOWS\System32\gdi32full.dll
0x00007ff8204e0000 - 0x00007ff82057a000 	C:\WINDOWS\System32\msvcp_win.dll
0x00007ff815870000 - 0x00007ff81587a000 	C:\WINDOWS\SYSTEM32\VERSION.dll
0x00007ff820e10000 - 0x00007ff820e41000 	C:\WINDOWS\System32\IMM32.DLL
0x00007ff80d540000 - 0x00007ff80d54c000 	E:\JDK17\jdk-17.0.8\bin\vcruntime140_1.dll
0x00007fffccc10000 - 0x00007fffccc9e000 	E:\JDK17\jdk-17.0.8\bin\msvcp140.dll
0x00007fff7f1c0000 - 0x00007fff7fd9e000 	E:\JDK17\jdk-17.0.8\bin\server\jvm.dll
0x00007ff821970000 - 0x00007ff821978000 	C:\WINDOWS\System32\PSAPI.DLL
0x00007ff8187b0000 - 0x00007ff8187b9000 	C:\WINDOWS\SYSTEM32\WSOCK32.dll
0x00007ff822f80000 - 0x00007ff822ff1000 	C:\WINDOWS\System32\WS2_32.dll
0x00007ff817440000 - 0x00007ff817474000 	C:\WINDOWS\SYSTEM32\WINMM.dll
0x00007ff81f4d0000 - 0x00007ff81f4e8000 	C:\WINDOWS\SYSTEM32\kernel.appcore.dll
0x00007ff80c630000 - 0x00007ff80c63a000 	E:\JDK17\jdk-17.0.8\bin\jimage.dll
0x00007ff81d9f0000 - 0x00007ff81dc22000 	C:\WINDOWS\SYSTEM32\DBGHELP.DLL
0x00007ff821d00000 - 0x00007ff822088000 	C:\WINDOWS\System32\combase.dll
0x00007ff821c20000 - 0x00007ff821cf7000 	C:\WINDOWS\System32\OLEAUT32.dll
0x00007ff814dd0000 - 0x00007ff814e02000 	C:\WINDOWS\SYSTEM32\dbgcore.DLL
0x00007ff820d10000 - 0x00007ff820d89000 	C:\WINDOWS\System32\bcryptPrimitives.dll
0x00007fffeb4a0000 - 0x00007fffeb4c5000 	E:\JDK17\jdk-17.0.8\bin\java.dll

dbghelp: loaded successfully - version: 4.0.5 - missing functions: none
symbol engine: initialized successfully - sym options: 0x614 - pdb path: .;E:\JDK17\jdk-17.0.8\bin;C:\WINDOWS\SYSTEM32;C:\WINDOWS\WinSxS\amd64_microsoft.windows.common-controls_6595b64144ccf1df_6.0.22621.3527_none_270e469b73872a76;E:\JDK17\jdk-17.0.8\bin\server

VM Arguments:
jvm_args: -Dnet.bytebuddy.agent.attacher.dump= 
java_command: net.bytebuddy.agent.Attacher com.sun.tools.attach.VirtualMachine 32836 C:\Users\geoca\.m2\repository\net\bytebuddy\byte-buddy-agent\1.14.12\byte-buddy-agent-1.14.12.jar false 
java_class_path (initial): C:\Users\geoca\.m2\repository\net\bytebuddy\byte-buddy-agent\1.14.12\byte-buddy-agent-1.14.12.jar
Launcher Type: SUN_STANDARD

[Global flags]
     intx CICompilerCount                          = 12                                        {product} {ergonomic}
     uint ConcGCThreads                            = 4                                         {product} {ergonomic}
     uint G1ConcRefinementThreads                  = 15                                        {product} {ergonomic}
   size_t G1HeapRegionSize                         = 2097152                                   {product} {ergonomic}
    uintx GCDrainStackTargetSize                   = 64                                        {product} {ergonomic}
   size_t InitialHeapSize                          = 264241152                                 {product} {ergonomic}
   size_t MarkStackSize                            = 4194304                                   {product} {ergonomic}
   size_t MaxHeapSize                              = 4208984064                                {product} {ergonomic}
   size_t MinHeapDeltaBytes                        = 2097152                                   {product} {ergonomic}
   size_t MinHeapSize                              = 8388608                                   {product} {ergonomic}
    uintx NonNMethodCodeHeapSize                   = 7602480                                {pd product} {ergonomic}
    uintx NonProfiledCodeHeapSize                  = 122027880                              {pd product} {ergonomic}
    uintx ProfiledCodeHeapSize                     = 122027880                              {pd product} {ergonomic}
    uintx ReservedCodeCacheSize                    = 251658240                              {pd product} {ergonomic}
     bool SegmentedCodeCache                       = true                                      {product} {ergonomic}
   size_t SoftMaxHeapSize                          = 4208984064                             {manageable} {ergonomic}
     bool UseCompressedClassPointers               = true                           {product lp64_product} {ergonomic}
     bool UseCompressedOops                        = true                           {product lp64_product} {ergonomic}
     bool UseG1GC                                  = true                                      {product} {ergonomic}
     bool UseLargePagesIndividualAllocation        = false                                  {pd product} {ergonomic}

Logging:
Log output configuration:
 #0: stdout all=warning uptime,level,tags
 #1: stderr all=off uptime,level,tags

Environment Variables:
JAVA_HOME=E:\JDK17\jdk-17.0.8
PATH=C:\Python312\Scripts\;C:\Python312\;E:\vmware\bin\;E:\OpenSSH\OpenSSH-Win64;C:\Program Files (x86)\Common Files\Oracle\Java\javapath;C:\windows\system32;C:\windows;C:\windows\System32\Wbem;C:\windows\System32\WindowsPowerShell\v1.0\;C:\windows\System32\OpenSSH\;C:\Program Files (x86)\NVIDIA Corporation\PhysX\Common;C:\Program Files\NVIDIA Corporation\NVIDIA NvDLISR;C:\Program Files\MATLAB\R2021b\bin;E:\GitLab\Git\cmd;E:\VScode\mingw64\bin;C:\WINDOWS\system32;C:\WINDOWS;C:\WINDOWS\System32\Wbem;C:\WINDOWS\System32\WindowsPowerShell\v1.0\;C:\WINDOWS\System32\OpenSSH\;E:\python3;E:\微信小程序开发者\微信web开发者工具\dll;E:\JDK17\jdk-17.0.8\bin;E:\node.js\;C:\ProgramData\chocolatey\bin;E:\maven\apache-maven-3.9.6\bin;E:\python3\Scripts\;E:\python3\;C:\Users\geoca\AppData\Local\Microsoft\WindowsApps;;E:\Clion\CLion 2022.2.1\bin;;E:\IDEA\IntelliJ IDEA 2022.2.1\bin;;E:\VScode\Microsoft VS Code\bin;E:\PyCharm Professional\PyCharm 2023.2.5\bin;;E:\idea社区版\IntelliJ IDEA Community Edition 2023.2.2\bin;;E:\webStorm\WebStorm 2023.2.3\bin;;E:\pycharm社区版\PyCharm Community Edition 2023.2.4\bin;;C:\Users\geoca\AppData\Roaming\npm
USERNAME=geoca
OS=Windows_NT
PROCESSOR_IDENTIFIER=Intel64 Family 6 Model 154 Stepping 3, GenuineIntel



---------------  S Y S T E M  ---------------

OS:
 Windows 11 , 64 bit Build 22621 (10.0.22621.3527)
OS uptime: 6 days 4:14 hours
Hyper-V role detected

CPU: total 20 (initial active 20) (10 cores per cpu, 2 threads per core) family 6 model 154 stepping 3 microcode 0x42c, cx8, cmov, fxsr, ht, mmx, 3dnowpref, sse, sse2, sse3, ssse3, sse4.1, sse4.2, popcnt, lzcnt, tsc, tscinvbit, avx, avx2, aes, erms, clmul, bmi1, bmi2, adx, sha, fma, vzeroupper, clflush, clflushopt, clwb, hv

Memory: 4k page, system-wide physical 16051M (2487M free)
TotalPageFile size 20815M (AvailPageFile size 40M)
current process WorkingSet (physical memory assigned to process): 11M, peak: 11M
current process commit charge ("private bytes"): 75M, peak: 327M

vm_info: Java HotSpot(TM) 64-Bit Server VM (17.0.8+9-LTS-211) for windows-amd64 JRE (17.0.8+9-LTS-211), built on Jun 14 2023 10:34:31 by "mach5one" with MS VC++ 17.1 (VS2022)

END.
